[INFO] Scanning for projects...
[INFO] 
[INFO] --------------------------< com.apad:weather >--------------------------
[INFO] Building weather 0.0.1-SNAPSHOT
[INFO]   from pom.xml
[INFO] --------------------------------[ jar ]---------------------------------
[INFO] 
[INFO] >>> spring-boot:2.7.18:run (default-cli) > test-compile @ weather >>>
[WARNING] 1 problem was encountered while building the effective model for org.javassist:javassist:jar:3.20.0-GA during dependency collection step for project (use -X to see details)
[INFO] 
[INFO] --- resources:3.2.0:resources (default-resources) @ weather ---
[INFO] Using 'UTF-8' encoding to copy filtered resources.
[INFO] Using 'UTF-8' encoding to copy filtered properties files.
[INFO] Copying 1 resource
[INFO] Copying 1 resource
[INFO] 
[INFO] --- compiler:3.10.1:compile (default-compile) @ weather ---
[INFO] Nothing to compile - all classes are up to date
[INFO] 
[INFO] --- resources:3.2.0:testResources (default-testResources) @ weather ---
[INFO] Using 'UTF-8' encoding to copy filtered resources.
[INFO] Using 'UTF-8' encoding to copy filtered properties files.
[INFO] skip non existing resourceDirectory /home/matas/IdeaProjects/apad/src/test/resources
[INFO] 
[INFO] --- compiler:3.10.1:testCompile (default-testCompile) @ weather ---
[INFO] Nothing to compile - all classes are up to date
[INFO] 
[INFO] <<< spring-boot:2.7.18:run (default-cli) < test-compile @ weather <<<
[INFO] 
[INFO] 
[INFO] --- spring-boot:2.7.18:run (default-cli) @ weather ---
[INFO] Attaching agents: []

  .   ____          _            __ _ _
 /\\ / ___'_ __ _ _(_)_ __  __ _ \ \ \ \
( ( )\___ | '_ | '_| | '_ \/ _` | \ \ \ \
 \\/  ___)| |_)| | | | | || (_| |  ) ) ) )
  '  |____| .__|_| |_|_| |_\__, | / / / /
 =========|_|==============|___/=/_/_/_/
 :: Spring Boot ::               (v2.7.18)

2025-09-05 14:21:12.581  INFO 99224 --- [           main] com.apad.weather.WeatherApplication      : Starting WeatherApplication using Java 11.0.28 on matas-ThinkCentre-M70t-Gen-4 with PID 99224 (/home/matas/IdeaProjects/apad/target/classes started by matas in /home/matas/IdeaProjects/apad)
2025-09-05 14:21:12.582  INFO 99224 --- [           main] com.apad.weather.WeatherApplication      : No active profile set, falling back to 1 default profile: "default"
2025-09-05 14:21:12.882  INFO 99224 --- [           main] o.s.b.w.embedded.tomcat.TomcatWebServer  : Tomcat initialized with port(s): 8081 (http)
2025-09-05 14:21:12.886  INFO 99224 --- [           main] o.apache.catalina.core.StandardService   : Starting service [Tomcat]
2025-09-05 14:21:12.886  INFO 99224 --- [           main] org.apache.catalina.core.StandardEngine  : Starting Servlet engine: [Apache Tomcat/9.0.83]
2025-09-05 14:21:12.917  INFO 99224 --- [           main] o.a.c.c.C.[Tomcat].[localhost].[/]       : Initializing Spring embedded WebApplicationContext
2025-09-05 14:21:12.918  INFO 99224 --- [           main] w.s.c.ServletWebServerApplicationContext : Root WebApplicationContext: initialization completed in 320 ms
2025-09-05 14:21:12.988 DEBUG 99224 --- [           main] s.w.s.m.m.a.RequestMappingHandlerAdapter : ControllerAdvice beans: 0 @ModelAttribute, 0 @InitBinder, 1 RequestBodyAdvice, 1 ResponseBodyAdvice
2025-09-05 14:21:12.996  INFO 99224 --- [           main] o.s.b.a.w.s.WelcomePageHandlerMapping    : Adding welcome page template: index
2025-09-05 14:21:13.010 DEBUG 99224 --- [           main] s.w.s.m.m.a.RequestMappingHandlerMapping : 6 mappings in 'requestMappingHandlerMapping'
2025-09-05 14:21:13.015 DEBUG 99224 --- [           main] o.s.w.s.handler.SimpleUrlHandlerMapping  : Patterns [/webjars/**, /**] in 'resourceHandlerMapping'
2025-09-05 14:21:13.018 DEBUG 99224 --- [           main] .m.m.a.ExceptionHandlerExceptionResolver : ControllerAdvice beans: 0 @ExceptionHandler, 1 ResponseBodyAdvice
2025-09-05 14:21:13.045  INFO 99224 --- [           main] o.s.b.w.embedded.tomcat.TomcatWebServer  : Tomcat started on port(s): 8081 (http) with context path ''
2025-09-05 14:21:13.050  INFO 99224 --- [           main] com.apad.weather.WeatherApplication      : Started WeatherApplication in 0.622 seconds (JVM running for 0.736)
2025-09-05 14:21:32.811  INFO 99224 --- [nio-8081-exec-1] o.a.c.c.C.[Tomcat].[localhost].[/]       : Initializing Spring DispatcherServlet 'dispatcherServlet'
2025-09-05 14:21:32.812  INFO 99224 --- [nio-8081-exec-1] o.s.web.servlet.DispatcherServlet        : Initializing Servlet 'dispatcherServlet'
2025-09-05 14:21:32.812 DEBUG 99224 --- [nio-8081-exec-1] o.s.web.servlet.DispatcherServlet        : Detected StandardServletMultipartResolver
2025-09-05 14:21:32.812 DEBUG 99224 --- [nio-8081-exec-1] o.s.web.servlet.DispatcherServlet        : Detected AcceptHeaderLocaleResolver
2025-09-05 14:21:32.812 DEBUG 99224 --- [nio-8081-exec-1] o.s.web.servlet.DispatcherServlet        : Detected FixedThemeResolver
2025-09-05 14:21:32.813 DEBUG 99224 --- [nio-8081-exec-1] o.s.web.servlet.DispatcherServlet        : Detected org.springframework.web.servlet.view.DefaultRequestToViewNameTranslator@d4c8aa6
2025-09-05 14:21:32.813 DEBUG 99224 --- [nio-8081-exec-1] o.s.web.servlet.DispatcherServlet        : Detected org.springframework.web.servlet.support.SessionFlashMapManager@3879ea3f
2025-09-05 14:21:32.813 DEBUG 99224 --- [nio-8081-exec-1] o.s.web.servlet.DispatcherServlet        : enableLoggingRequestDetails='false': request parameters and headers will be masked to prevent unsafe logging of potentially sensitive data
2025-09-05 14:21:32.813  INFO 99224 --- [nio-8081-exec-1] o.s.web.servlet.DispatcherServlet        : Completed initialization in 1 ms
2025-09-05 14:21:32.819 DEBUG 99224 --- [nio-8081-exec-1] o.s.web.servlet.DispatcherServlet        : GET "/api/weather?city=London", parameters={masked}
2025-09-05 14:21:32.835 DEBUG 99224 --- [nio-8081-exec-1] s.w.s.m.m.a.RequestMappingHandlerMapping : Mapped to com.apad.weather.controller.WeatherController#getWeatherApi(String)
2025-09-05 14:21:32.862 DEBUG 99224 --- [nio-8081-exec-1] m.m.a.RequestResponseBodyMethodProcessor : Using 'application/json', given [*/*] and supported [application/json, application/*+json, application/json, application/*+json]
2025-09-05 14:21:32.863 DEBUG 99224 --- [nio-8081-exec-1] m.m.a.RequestResponseBodyMethodProcessor : Writing [com.apad.weather.model.Weather@72147bc9]
2025-09-05 14:21:32.869 DEBUG 99224 --- [nio-8081-exec-1] o.s.web.servlet.DispatcherServlet        : Completed 200 OK
